# JRE version: Java(TM) SE Runtime Environment 18.9 (11.0.17+10) (build 11.0.17+10-LTS-269)
# Java VM: Java HotSpot(TM) 64-Bit Server VM 18.9 (11.0.17+10-LTS-269, mixed mode, tiered, compressed oops, g1 gc, windows-amd64)
Heap:
 garbage-first heap   total 236544K, used 161405K [0x00000006e0000000, 0x0000000800000000)
  region size 1024K, 2 young (2048K), 2 survivors (2048K)
 Metaspace       used 82152K, capacity 86807K, committed 86940K, reserved 1124352K
  class space    used 10660K, capacity 12081K, committed 12160K, reserved 1048576K
GC Heap History (10 events):
Event: 43.943 GC heap after
{Heap after GC invocations=24 (full 0):
 garbage-first heap   total 196608K, used 148019K [0x00000006e0000000, 0x0000000800000000)
  region size 1024K, 4 young (4096K), 4 survivors (4096K)
 Metaspace       used 80875K, capacity 85335K, committed 85532K, reserved 1124352K
  class space    used 10413K, capacity 11769K, committed 11776K, reserved 1048576K
}
Event: 44.056 GC heap before
{Heap before GC invocations=25 (full 0):
 garbage-first heap   total 196608K, used 164403K [0x00000006e0000000, 0x0000000800000000)
  region size 1024K, 20 young (20480K), 4 survivors (4096K)
 Metaspace       used 81069K, capacity 85537K, committed 85660K, reserved 1124352K
  class space    used 10447K, capacity 11831K, committed 11904K, reserved 1048576K
}
Event: 44.061 GC heap after
{Heap after GC invocations=26 (full 0):
 garbage-first heap   total 196608K, used 153598K [0x00000006e0000000, 0x0000000800000000)
  region size 1024K, 3 young (3072K), 3 survivors (3072K)
 Metaspace       used 81069K, capacity 85537K, committed 85660K, reserved 1124352K
  class space    used 10447K, capacity 11831K, committed 11904K, reserved 1048576K
}
Event: 44.112 GC heap before
{Heap before GC invocations=26 (full 0):
 garbage-first heap   total 196608K, used 159742K [0x00000006e0000000, 0x0000000800000000)
  region size 1024K, 9 young (9216K), 3 survivors (3072K)
 Metaspace       used 81162K, capacity 85665K, committed 85916K, reserved 1124352K
  class space    used 10464K, capacity 11848K, committed 11904K, reserved 1048576K
}
Event: 44.124 GC heap after
{Heap after GC invocations=27 (full 0):
 garbage-first heap   total 196608K, used 153207K [0x00000006e0000000, 0x0000000800000000)
  region size 1024K, 2 young (2048K), 2 survivors (2048K)
 Metaspace       used 81162K, capacity 85665K, committed 85916K, reserved 1124352K
  class space    used 10464K, capacity 11848K, committed 11904K, reserved 1048576K
}
Event: 44.183 GC heap before
{Heap before GC invocations=27 (full 0):
 garbage-first heap   total 196608K, used 165495K [0x00000006e0000000, 0x0000000800000000)
  region size 1024K, 14 young (14336K), 2 survivors (2048K)
 Metaspace       used 81213K, capacity 85742K, committed 85916K, reserved 1124352K
  class space    used 10474K, capacity 11852K, committed 11904K, reserved 1048576K
}
Event: 44.188 GC heap after
{Heap after GC invocations=28 (full 0):
 garbage-first heap   total 196608K, used 155921K [0x00000006e0000000, 0x0000000800000000)
  region size 1024K, 2 young (2048K), 2 survivors (2048K)
 Metaspace       used 81213K, capacity 85742K, committed 85916K, reserved 1124352K
  class space    used 10474K, capacity 11852K, committed 11904K, reserved 1048576K
}
Event: 44.349 GC heap before
{Heap before GC invocations=28 (full 0):
 garbage-first heap   total 196608K, used 167185K [0x00000006e0000000, 0x0000000800000000)
  region size 1024K, 13 young (13312K), 2 survivors (2048K)
 Metaspace       used 81633K, capacity 86212K, committed 86300K, reserved 1124352K
  class space    used 10547K, capacity 11965K, committed 12032K, reserved 1048576K
}
Event: 44.357 GC heap after
{Heap after GC invocations=29 (full 0):
 garbage-first heap   total 196608K, used 159736K [0x00000006e0000000, 0x0000000800000000)
  region size 1024K, 2 young (2048K), 2 survivors (2048K)
 Metaspace       used 81633K, capacity 86212K, committed 86300K, reserved 1124352K
  class space    used 10547K, capacity 11965K, committed 12032K, reserved 1048576K
}
Event: 44.471 GC heap before
{Heap before GC invocations=29 (full 0):
 garbage-first heap   total 196608K, used 167928K [0x00000006e0000000, 0x0000000800000000)
  region size 1024K, 11 young (11264K), 2 survivors (2048K)
 Metaspace       used 82152K, capacity 86807K, committed 86940K, reserved 1124352K
  class space    used 10660K, capacity 12081K, committed 12160K, reserved 1048576K
}

