# JRE version: Java(TM) SE Runtime Environment 18.9 (11.0.17+10) (build 11.0.17+10-LTS-269)
# Java VM: Java HotSpot(TM) 64-Bit Server VM 18.9 (11.0.17+10-LTS-269, mixed mode, tiered, compressed oops, g1 gc, windows-amd64)
Heap:
 garbage-first heap   total 196608K, used 32858K [0x00000006e0000000, 0x0000000800000000)
  region size 1024K, 19 young (19456K), 3 survivors (3072K)
 Metaspace       used 31444K, capacity 32082K, committed 32432K, reserved 1077248K
  class space    used 3995K, capacity 4245K, committed 4352K, reserved 1048576K
GC Heap History (6 events):
Event: 0.746 GC heap before
{Heap before GC invocations=0 (full 0):
 garbage-first heap   total 196608K, used 29696K [0x00000006e0000000, 0x0000000800000000)
  region size 1024K, 24 young (24576K), 0 survivors (0K)
 Metaspace       used 10597K, capacity 10878K, committed 11008K, reserved 1058816K
  class space    used 1118K, capacity 1200K, committed 1280K, reserved 1048576K
}
Event: 0.751 GC heap after
{Heap after GC invocations=1 (full 0):
 garbage-first heap   total 196608K, used 8765K [0x00000006e0000000, 0x0000000800000000)
  region size 1024K, 3 young (3072K), 3 survivors (3072K)
 Metaspace       used 10597K, capacity 10878K, committed 11008K, reserved 1058816K
  class space    used 1118K, capacity 1200K, committed 1280K, reserved 1048576K
}
Event: 2.536 GC heap before
{Heap before GC invocations=1 (full 0):
 garbage-first heap   total 196608K, used 90685K [0x00000006e0000000, 0x0000000800000000)
  region size 1024K, 85 young (87040K), 3 survivors (3072K)
 Metaspace       used 20737K, capacity 21232K, committed 21296K, reserved 1069056K
  class space    used 2522K, capacity 2688K, committed 2688K, reserved 1048576K
}
Event: 2.545 GC heap after
{Heap after GC invocations=2 (full 0):
 garbage-first heap   total 196608K, used 15754K [0x00000006e0000000, 0x0000000800000000)
  region size 1024K, 10 young (10240K), 10 survivors (10240K)
 Metaspace       used 20737K, capacity 21232K, committed 21296K, reserved 1069056K
  class space    used 2522K, capacity 2688K, committed 2688K, reserved 1048576K
}
Event: 3.399 GC heap before
{Heap before GC invocations=3 (full 0):
 garbage-first heap   total 196608K, used 69002K [0x00000006e0000000, 0x0000000800000000)
  region size 1024K, 62 young (63488K), 10 survivors (10240K)
 Metaspace       used 26973K, capacity 27599K, committed 27824K, reserved 1073152K
  class space    used 3525K, capacity 3752K, committed 3840K, reserved 1048576K
}
Event: 3.405 GC heap after
{Heap after GC invocations=4 (full 0):
 garbage-first heap   total 196608K, used 18522K [0x00000006e0000000, 0x0000000800000000)
  region size 1024K, 3 young (3072K), 3 survivors (3072K)
 Metaspace       used 26973K, capacity 27599K, committed 27824K, reserved 1073152K
  class space    used 3525K, capacity 3752K, committed 3840K, reserved 1048576K
}

